GROUP,PACKAGE,CLASS,INSTRUCTION_MISSED,INSTRUCTION_COVERED,BRANCH_MISSED,BRANCH_COVERED,LINE_MISSED,LINE_COVERED,COMPLEXITY_MISSED,COMPLEXITY_COVERED,METHOD_MISSED,METHOD_COVERED
stockx,edu.pingpong.domain.criteria,Bids,1,29,1,1,0,6,1,4,0,4
stockx,edu.pingpong.domain.criteria,Sales,1,28,1,1,0,6,1,4,0,4
stockx,edu.pingpong.domain.criteria,Asks,1,28,1,1,0,6,1,4,0,4
stockx,edu.pingpong.main,Stockx,101,0,0,0,19,0,3,0,3,0
stockx,edu.pingpong.domain.item,Ask,0,38,0,0,0,9,0,4,0,4
stockx,edu.pingpong.domain.item,Sneaker,18,62,0,0,8,17,5,7,5,7
stockx,edu.pingpong.domain.item,Sale,0,38,0,0,0,9,0,4,0,4
stockx,edu.pingpong.domain.item,Bid,0,38,0,0,0,9,0,4,0,4
